<?xml version="1.0" encoding="UTF-8" standalone="no"?><testsuite errors="1" failures="0" name="Store Exito" skipped="0" tests="1" time="0.54" timestamp="2024-03-05 10:41:08"><testcase name="validate name of product add to shopping cart"><error message="No stage available - it looks like you haven't called the setTheStage() method before calling this one." type="net.serenitybdd.screenplay.actors.NoStageException">No stage available - it looks like you haven't called the setTheStage() method before calling this one.</error><system-err>No stage available - it looks like you haven't called the setTheStage() method before calling this one.&#13;
autostoreexito.stepdefinitions.StoreStepDefinitions.theUserAreInThePageExito(StoreStepDefinitions.java:18)&#13;
✽.The user are in the page Exito(file:///C:/Users/ctapiase/Documents/Plan%20de%20formacion/RetoTecnico/RetoAutoExito/AutoStoreExito/src/test/resources/features/store_exito.feature:5)&#13;
</system-err></testcase></testsuite>